{"/home/travis/build/npmtest/node-npmtest-peer-vnc/test.js":{"path":"/home/travis/build/npmtest/node-npmtest-peer-vnc/test.js","s":{"1":2,"2":2,"3":2,"4":2,"5":2,"6":2,"7":2,"8":1,"9":2,"10":2,"11":1,"12":1,"13":1,"14":1,"15":2,"16":2,"17":2,"18":2,"19":1,"20":1,"21":2,"22":2,"23":2,"24":1,"25":1,"26":1,"27":1,"28":1,"29":1,"30":1,"31":1,"32":1,"33":1,"34":1,"35":1,"36":1,"37":1,"38":1,"39":2,"40":2,"41":1,"42":2,"43":2,"44":1,"45":2,"46":2,"47":1,"48":2,"49":2,"50":1,"51":1,"52":1,"53":1,"54":1},"b":{"1":[2,1,1,1],"2":[1,1,1,1],"3":[1,1],"4":[1,1],"5":[1,1],"6":[1,1],"7":[1,1],"8":[1,1],"9":[1,1],"10":[1,1,1],"11":[1,1],"12":[1,1],"13":[1,1],"14":[1,1],"15":[1,1],"16":[1,1],"17":[1,1]},"f":{"1":2,"2":2,"3":2,"4":2,"5":2,"6":1,"7":1,"8":1,"9":2,"10":2,"11":2,"12":2,"13":1},"fnMap":{"1":{"name":"(anonymous_1)","line":12,"loc":{"start":{"line":12,"column":1},"end":{"line":12,"column":13}}},"2":{"name":"(anonymous_2)","line":19,"loc":{"start":{"line":19,"column":5},"end":{"line":19,"column":17}}},"3":{"name":"(anonymous_3)","line":23,"loc":{"start":{"line":23,"column":24},"end":{"line":23,"column":36}}},"4":{"name":"(anonymous_4)","line":61,"loc":{"start":{"line":61,"column":5},"end":{"line":61,"column":17}}},"5":{"name":"(anonymous_5)","line":82,"loc":{"start":{"line":82,"column":5},"end":{"line":82,"column":17}}},"6":{"name":"(anonymous_6)","line":91,"loc":{"start":{"line":91,"column":77},"end":{"line":94,"column":10}}},"7":{"name":"(anonymous_7)","line":112,"loc":{"start":{"line":112,"column":83},"end":{"line":115,"column":10}},"skip":true},"8":{"name":"(anonymous_8)","line":123,"loc":{"start":{"line":123,"column":77},"end":{"line":126,"column":10}},"skip":true},"9":{"name":"(anonymous_9)","line":139,"loc":{"start":{"line":139,"column":12},"end":{"line":139,"column":40}},"skip":true},"10":{"name":"(anonymous_10)","line":147,"loc":{"start":{"line":147,"column":77},"end":{"line":150,"column":10}},"skip":true},"11":{"name":"(anonymous_11)","line":158,"loc":{"start":{"line":158,"column":83},"end":{"line":161,"column":10}},"skip":true},"12":{"name":"(anonymous_12)","line":169,"loc":{"start":{"line":169,"column":79},"end":{"line":172,"column":10}},"skip":true},"13":{"name":"(anonymous_13)","line":180,"loc":{"start":{"line":180,"column":75},"end":{"line":183,"column":10}},"skip":true}},"statementMap":{"1":{"start":{"line":12,"column":0},"end":{"line":195,"column":5}},"2":{"start":{"line":14,"column":4},"end":{"line":14,"column":14}},"3":{"start":{"line":19,"column":4},"end":{"line":56,"column":9}},"4":{"start":{"line":21,"column":8},"end":{"line":21,"column":19}},"5":{"start":{"line":23,"column":8},"end":{"line":35,"column":13}},"6":{"start":{"line":24,"column":12},"end":{"line":34,"column":13}},"7":{"start":{"line":25,"column":16},"end":{"line":28,"column":30}},"8":{"start":{"line":30,"column":16},"end":{"line":33,"column":27}},"9":{"start":{"line":37,"column":8},"end":{"line":39,"column":21}},"10":{"start":{"line":40,"column":8},"end":{"line":53,"column":9}},"11":{"start":{"line":43,"column":12},"end":{"line":46,"column":14}},"12":{"start":{"line":47,"column":12},"end":{"line":47,"column":18}},"13":{"start":{"line":50,"column":12},"end":{"line":51,"column":46}},"14":{"start":{"line":52,"column":12},"end":{"line":52,"column":18}},"15":{"start":{"line":55,"column":8},"end":{"line":55,"column":35}},"16":{"start":{"line":61,"column":4},"end":{"line":63,"column":9}},"17":{"start":{"line":62,"column":8},"end":{"line":62,"column":15}},"18":{"start":{"line":64,"column":4},"end":{"line":77,"column":5}},"19":{"start":{"line":70,"column":8},"end":{"line":70,"column":14}},"20":{"start":{"line":76,"column":8},"end":{"line":76,"column":14}},"21":{"start":{"line":82,"column":4},"end":{"line":84,"column":9}},"22":{"start":{"line":83,"column":8},"end":{"line":83,"column":15}},"23":{"start":{"line":85,"column":4},"end":{"line":194,"column":5}},"24":{"start":{"line":91,"column":8},"end":{"line":99,"column":10}},"25":{"start":{"line":98,"column":12},"end":{"line":98,"column":35}},"26":{"start":{"line":102,"column":8},"end":{"line":104,"column":63}},"27":{"start":{"line":105,"column":8},"end":{"line":105,"column":14}},"28":{"start":{"line":112,"column":8},"end":{"line":121,"column":10},"skip":true},"29":{"start":{"line":119,"column":12},"end":{"line":119,"column":55},"skip":true},"30":{"start":{"line":120,"column":12},"end":{"line":120,"column":48},"skip":true},"31":{"start":{"line":123,"column":8},"end":{"line":136,"column":10},"skip":true},"32":{"start":{"line":130,"column":12},"end":{"line":130,"column":76},"skip":true},"33":{"start":{"line":131,"column":12},"end":{"line":131,"column":73},"skip":true},"34":{"start":{"line":132,"column":12},"end":{"line":132,"column":74},"skip":true},"35":{"start":{"line":133,"column":12},"end":{"line":133,"column":79},"skip":true},"36":{"start":{"line":134,"column":12},"end":{"line":134,"column":25},"skip":true},"37":{"start":{"line":135,"column":12},"end":{"line":135,"column":45},"skip":true},"38":{"start":{"line":138,"column":8},"end":{"line":145,"column":14},"skip":true},"39":{"start":{"line":143,"column":16},"end":{"line":143,"column":29},"skip":true},"40":{"start":{"line":144,"column":16},"end":{"line":144,"column":55},"skip":true},"41":{"start":{"line":147,"column":8},"end":{"line":156,"column":10},"skip":true},"42":{"start":{"line":154,"column":12},"end":{"line":154,"column":25},"skip":true},"43":{"start":{"line":155,"column":12},"end":{"line":155,"column":45},"skip":true},"44":{"start":{"line":158,"column":8},"end":{"line":167,"column":10},"skip":true},"45":{"start":{"line":165,"column":12},"end":{"line":165,"column":25},"skip":true},"46":{"start":{"line":166,"column":12},"end":{"line":166,"column":48},"skip":true},"47":{"start":{"line":169,"column":8},"end":{"line":178,"column":10},"skip":true},"48":{"start":{"line":176,"column":12},"end":{"line":176,"column":25},"skip":true},"49":{"start":{"line":177,"column":12},"end":{"line":177,"column":46},"skip":true},"50":{"start":{"line":180,"column":8},"end":{"line":189,"column":10},"skip":true},"51":{"start":{"line":187,"column":12},"end":{"line":187,"column":94},"skip":true},"52":{"start":{"line":188,"column":12},"end":{"line":188,"column":48},"skip":true},"53":{"start":{"line":192,"column":8},"end":{"line":192,"column":35},"skip":true},"54":{"start":{"line":193,"column":8},"end":{"line":193,"column":14},"skip":true}},"branchMap":{"1":{"line":25,"type":"binary-expr","locations":[{"start":{"line":25,"column":23},"end":{"line":25,"column":62}},{"start":{"line":26,"column":20},"end":{"line":26,"column":70}},{"start":{"line":27,"column":20},"end":{"line":27,"column":71}},{"start":{"line":28,"column":20},"end":{"line":28,"column":29}}]},"2":{"line":30,"type":"binary-expr","locations":[{"start":{"line":30,"column":23},"end":{"line":30,"column":37}},{"start":{"line":31,"column":20},"end":{"line":31,"column":61}},{"start":{"line":32,"column":20},"end":{"line":32,"column":70}},{"start":{"line":33,"column":20},"end":{"line":33,"column":26}}]},"3":{"line":37,"type":"cond-expr","locations":[{"start":{"line":38,"column":14},"end":{"line":38,"column":20}},{"start":{"line":39,"column":14},"end":{"line":39,"column":20}}]},"4":{"line":40,"type":"switch","locations":[{"start":{"line":42,"column":8},"end":{"line":47,"column":18}},{"start":{"line":49,"column":8},"end":{"line":52,"column":18}}]},"5":{"line":44,"type":"binary-expr","locations":[{"start":{"line":44,"column":16},"end":{"line":44,"column":44}},{"start":{"line":44,"column":48},"end":{"line":44,"column":66}}]},"6":{"line":50,"type":"binary-expr","locations":[{"start":{"line":50,"column":21},"end":{"line":50,"column":49}},{"start":{"line":50,"column":53},"end":{"line":50,"column":72}}]},"7":{"line":64,"type":"switch","locations":[{"start":{"line":69,"column":4},"end":{"line":70,"column":14}},{"start":{"line":75,"column":4},"end":{"line":76,"column":14}}]},"8":{"line":85,"type":"switch","locations":[{"start":{"line":90,"column":4},"end":{"line":105,"column":14}},{"start":{"line":111,"column":4},"end":{"line":193,"column":14},"skip":true}]},"9":{"line":91,"type":"binary-expr","locations":[{"start":{"line":91,"column":42},"end":{"line":91,"column":73}},{"start":{"line":91,"column":77},"end":{"line":99,"column":9}}]},"10":{"line":102,"type":"binary-expr","locations":[{"start":{"line":102,"column":18},"end":{"line":102,"column":32}},{"start":{"line":103,"column":12},"end":{"line":103,"column":53}},{"start":{"line":104,"column":12},"end":{"line":104,"column":61}}]},"11":{"line":112,"type":"binary-expr","locations":[{"start":{"line":112,"column":45},"end":{"line":112,"column":79},"skip":true},{"start":{"line":112,"column":83},"end":{"line":121,"column":9},"skip":true}]},"12":{"line":123,"type":"binary-expr","locations":[{"start":{"line":123,"column":42},"end":{"line":123,"column":73},"skip":true},{"start":{"line":123,"column":77},"end":{"line":136,"column":9},"skip":true}]},"13":{"line":138,"type":"binary-expr","locations":[{"start":{"line":138,"column":48},"end":{"line":138,"column":85},"skip":true},{"start":{"line":139,"column":12},"end":{"line":145,"column":13},"skip":true}]},"14":{"line":147,"type":"binary-expr","locations":[{"start":{"line":147,"column":42},"end":{"line":147,"column":73},"skip":true},{"start":{"line":147,"column":77},"end":{"line":156,"column":9},"skip":true}]},"15":{"line":158,"type":"binary-expr","locations":[{"start":{"line":158,"column":45},"end":{"line":158,"column":79},"skip":true},{"start":{"line":158,"column":83},"end":{"line":167,"column":9},"skip":true}]},"16":{"line":169,"type":"binary-expr","locations":[{"start":{"line":169,"column":43},"end":{"line":169,"column":75},"skip":true},{"start":{"line":169,"column":79},"end":{"line":178,"column":9},"skip":true}]},"17":{"line":180,"type":"binary-expr","locations":[{"start":{"line":180,"column":41},"end":{"line":180,"column":71},"skip":true},{"start":{"line":180,"column":75},"end":{"line":189,"column":9},"skip":true}]}},"code":["/* istanbul instrument in package npmtest_peer_vnc */","/*jslint","    bitwise: true,","    browser: true,","    maxerr: 8,","    maxlen: 96,","    node: true,","    nomen: true,","    regexp: true,","    stupid: true","*/","(function () {","    'use strict';","    var local;","","","","    // run shared js-env code - pre-init","    (function () {","        // init local","        local = {};","        // init modeJs","        local.modeJs = (function () {","            try {","                return typeof navigator.userAgent === 'string' &&","                    typeof document.querySelector('body') === 'object' &&","                    typeof XMLHttpRequest.prototype.open === 'function' &&","                    'browser';","            } catch (errorCaughtBrowser) {","                return module.exports &&","                    typeof process.versions.node === 'string' &&","                    typeof require('http').createServer === 'function' &&","                    'node';","            }","        }());","        // init global","        local.global = local.modeJs === 'browser'","            ? window","            : global;","        switch (local.modeJs) {","        // re-init local from window.local","        case 'browser':","            local = local.global.utility2.objectSetDefault(","                local.global.utility2_rollup || local.global.local,","                local.global.utility2","            );","            break;","        // re-init local from example.js","        case 'node':","            local = (local.global.utility2_rollup || require('utility2'))","                .requireExampleJsFromReadme();","            break;","        }","        // export local","        local.global.local = local;","    }());","","","","    // run shared js-env code - function","    (function () {","        return;","    }());","    switch (local.modeJs) {","","","","    // run browser js-env code - function","    case 'browser':","        break;","","","","    // run node js-env code - function","    case 'node':","        break;","    }","","","","    // run shared js-env code - post-init","    (function () {","        return;","    }());","    switch (local.modeJs) {","","","","    // run browser js-env code - post-init","    case 'browser':","        local.testCase_browser_nullCase = local.testCase_browser_nullCase || function (","            options,","            onError","        ) {","        /*","         * this function will test browsers's null-case handling-behavior-behavior","         */","            onError(null, options);","        };","","        // run tests","        local.nop(local.modeTest &&","            document.querySelector('#testRunButton1') &&","            document.querySelector('#testRunButton1').click());","        break;","","","","    // run node js-env code - post-init","    /* istanbul ignore next */","    case 'node':","        local.testCase_buildApidoc_default = local.testCase_buildApidoc_default || function (","            options,","            onError","        ) {","        /*","         * this function will test buildApidoc's default handling-behavior-behavior","         */","            options = { modulePathList: module.paths };","            local.buildApidoc(options, onError);","        };","","        local.testCase_buildApp_default = local.testCase_buildApp_default || function (","            options,","            onError","        ) {","        /*","         * this function will test buildApp's default handling-behavior-behavior","         */","            local.testCase_buildReadme_default(options, local.onErrorThrow);","            local.testCase_buildLib_default(options, local.onErrorThrow);","            local.testCase_buildTest_default(options, local.onErrorThrow);","            local.testCase_buildCustomOrg_default(options, local.onErrorThrow);","            options = [];","            local.buildApp(options, onError);","        };","","        local.testCase_buildCustomOrg_default = local.testCase_buildCustomOrg_default ||","            function (options, onError) {","            /*","             * this function will test buildCustomOrg's default handling-behavior","             */","                options = {};","                local.buildCustomOrg(options, onError);","            };","","        local.testCase_buildLib_default = local.testCase_buildLib_default || function (","            options,","            onError","        ) {","        /*","         * this function will test buildLib's default handling-behavior","         */","            options = {};","            local.buildLib(options, onError);","        };","","        local.testCase_buildReadme_default = local.testCase_buildReadme_default || function (","            options,","            onError","        ) {","        /*","         * this function will test buildReadme's default handling-behavior-behavior","         */","            options = {};","            local.buildReadme(options, onError);","        };","","        local.testCase_buildTest_default = local.testCase_buildTest_default || function (","            options,","            onError","        ) {","        /*","         * this function will test buildTest's default handling-behavior","         */","            options = {};","            local.buildTest(options, onError);","        };","","        local.testCase_webpage_default = local.testCase_webpage_default || function (","            options,","            onError","        ) {","        /*","         * this function will test webpage's default handling-behavior","         */","            options = { modeCoverageMerge: true, url: local.serverLocalHost + '?modeTest=1' };","            local.browserTest(options, onError);","        };","","        // run test-server","        local.testRunServer(local);","        break;","    }","}());",""],"l":{"12":2,"14":2,"19":2,"21":2,"23":2,"24":2,"25":2,"30":1,"37":2,"40":2,"43":1,"47":1,"50":1,"52":1,"55":2,"61":2,"62":2,"64":2,"70":1,"76":1,"82":2,"83":2,"85":2,"91":1,"98":1,"102":1,"105":1,"112":1,"119":1,"120":1,"123":1,"130":1,"131":1,"132":1,"133":1,"134":1,"135":1,"138":1,"143":2,"144":2,"147":1,"154":2,"155":2,"158":1,"165":2,"166":2,"169":1,"176":2,"177":2,"180":1,"187":1,"188":1,"192":1,"193":1}},"/home/travis/build/npmtest/node-npmtest-peer-vnc/lib.npmtest_peer_vnc.js":{"path":"/home/travis/build/npmtest/node-npmtest-peer-vnc/lib.npmtest_peer_vnc.js","s":{"1":2,"2":2,"3":2,"4":2,"5":2,"6":2,"7":2,"8":1,"9":2,"10":2,"11":2,"12":2,"13":1,"14":1,"15":1,"16":1},"b":{"1":[2,1,1,1],"2":[1,1,1,1],"3":[1,1],"4":[2,2],"5":[1,1]},"f":{"1":2,"2":2,"3":2},"fnMap":{"1":{"name":"(anonymous_1)","line":12,"loc":{"start":{"line":12,"column":1},"end":{"line":12,"column":13}}},"2":{"name":"(anonymous_2)","line":19,"loc":{"start":{"line":19,"column":5},"end":{"line":19,"column":17}}},"3":{"name":"(anonymous_3)","line":23,"loc":{"start":{"line":23,"column":24},"end":{"line":23,"column":36}}}},"statementMap":{"1":{"start":{"line":12,"column":0},"end":{"line":53,"column":5}},"2":{"start":{"line":14,"column":4},"end":{"line":14,"column":14}},"3":{"start":{"line":19,"column":4},"end":{"line":52,"column":9}},"4":{"start":{"line":21,"column":8},"end":{"line":21,"column":19}},"5":{"start":{"line":23,"column":8},"end":{"line":35,"column":13}},"6":{"start":{"line":24,"column":12},"end":{"line":34,"column":13}},"7":{"start":{"line":25,"column":16},"end":{"line":28,"column":30}},"8":{"start":{"line":30,"column":16},"end":{"line":33,"column":27}},"9":{"start":{"line":37,"column":8},"end":{"line":39,"column":21}},"10":{"start":{"line":41,"column":8},"end":{"line":41,"column":54}},"11":{"start":{"line":43,"column":8},"end":{"line":43,"column":53}},"12":{"start":{"line":45,"column":8},"end":{"line":51,"column":9}},"13":{"start":{"line":46,"column":12},"end":{"line":46,"column":59}},"14":{"start":{"line":48,"column":12},"end":{"line":48,"column":35}},"15":{"start":{"line":49,"column":12},"end":{"line":49,"column":49}},"16":{"start":{"line":50,"column":12},"end":{"line":50,"column":43}}},"branchMap":{"1":{"line":25,"type":"binary-expr","locations":[{"start":{"line":25,"column":23},"end":{"line":25,"column":62}},{"start":{"line":26,"column":20},"end":{"line":26,"column":70}},{"start":{"line":27,"column":20},"end":{"line":27,"column":71}},{"start":{"line":28,"column":20},"end":{"line":28,"column":29}}]},"2":{"line":30,"type":"binary-expr","locations":[{"start":{"line":30,"column":23},"end":{"line":30,"column":37}},{"start":{"line":31,"column":20},"end":{"line":31,"column":61}},{"start":{"line":32,"column":20},"end":{"line":32,"column":70}},{"start":{"line":33,"column":20},"end":{"line":33,"column":26}}]},"3":{"line":37,"type":"cond-expr","locations":[{"start":{"line":38,"column":14},"end":{"line":38,"column":20}},{"start":{"line":39,"column":14},"end":{"line":39,"column":20}}]},"4":{"line":41,"type":"binary-expr","locations":[{"start":{"line":41,"column":16},"end":{"line":41,"column":44}},{"start":{"line":41,"column":48},"end":{"line":41,"column":53}}]},"5":{"line":45,"type":"if","locations":[{"start":{"line":45,"column":8},"end":{"line":45,"column":8}},{"start":{"line":45,"column":8},"end":{"line":45,"column":8}}]}},"code":["/* istanbul instrument in package npmtest_peer_vnc */","/*jslint","    bitwise: true,","    browser: true,","    maxerr: 8,","    maxlen: 96,","    node: true,","    nomen: true,","    regexp: true,","    stupid: true","*/","(function () {","    'use strict';","    var local;","","","","    // run shared js-env code - pre-init","    (function () {","        // init local","        local = {};","        // init modeJs","        local.modeJs = (function () {","            try {","                return typeof navigator.userAgent === 'string' &&","                    typeof document.querySelector('body') === 'object' &&","                    typeof XMLHttpRequest.prototype.open === 'function' &&","                    'browser';","            } catch (errorCaughtBrowser) {","                return module.exports &&","                    typeof process.versions.node === 'string' &&","                    typeof require('http').createServer === 'function' &&","                    'node';","            }","        }());","        // init global","        local.global = local.modeJs === 'browser'","            ? window","            : global;","        // init utility2_rollup","        local = local.global.utility2_rollup || local;","        // init lib","        local.local = local.npmtest_peer_vnc = local;","        // init exports","        if (local.modeJs === 'browser') {","            local.global.utility2_npmtest_peer_vnc = local;","        } else {","            module.exports = local;","            module.exports.__dirname = __dirname;","            module.exports.module = module;","        }","    }());","}());",""],"l":{"12":2,"14":2,"19":2,"21":2,"23":2,"24":2,"25":2,"30":1,"37":2,"41":2,"43":2,"45":2,"46":1,"48":1,"49":1,"50":1}},"/home/travis/build/npmtest/node-npmtest-peer-vnc/example.js":{"path":"/home/travis/build/npmtest/node-npmtest-peer-vnc/example.js","s":{"1":2,"2":2,"3":2,"4":2,"5":2,"6":2,"7":2,"8":1,"9":2,"10":2,"11":2,"12":2,"13":1,"14":2,"15":2,"16":2,"17":2,"18":2,"19":0,"20":2,"21":1,"22":1,"23":1,"24":1,"25":1,"26":0,"27":0,"28":1,"29":1,"30":2,"31":0,"32":0,"33":0,"34":1,"35":2,"36":2,"37":3,"38":3,"39":3,"40":3,"41":0,"42":3,"43":3,"44":3,"45":1,"46":3,"47":1,"48":1,"49":1,"50":1,"51":1,"52":1,"53":1,"54":1,"55":1,"56":1,"57":0,"58":1,"59":6,"60":6,"61":1,"62":2,"63":0,"64":2,"65":1,"66":1,"67":0,"68":0,"69":0,"70":0,"71":0,"72":0,"73":0,"74":0,"75":0,"76":0,"77":0,"78":0,"79":0,"80":0,"81":0,"82":0,"83":0},"b":{"1":[2,1,1,1],"2":[1,1,1,1],"3":[1,1],"4":[2,2],"5":[1,1],"6":[1,1],"7":[2,0],"8":[2,1,1,1,1,1],"9":[0,2,0],"10":[1,1],"11":[2,1,1],"12":[1,0],"13":[0,2],"14":[2,0,0,0,0,0,0],"15":[0,3],"16":[3,0],"17":[1,1],"18":[0,1],"19":[1,2,0,2],"20":[1,0],"21":[1,1],"22":[0,0],"23":[0,0],"24":[0,0],"25":[0,0],"26":[0,0],"27":[0,0],"28":[0,0]},"f":{"1":2,"2":2,"3":2,"4":2,"5":2,"6":2,"7":3,"8":3,"9":3,"10":1,"11":6,"12":0},"fnMap":{"1":{"name":"(anonymous_1)","line":26,"loc":{"start":{"line":26,"column":1},"end":{"line":26,"column":13}}},"2":{"name":"(anonymous_2)","line":33,"loc":{"start":{"line":33,"column":5},"end":{"line":33,"column":17}}},"3":{"name":"(anonymous_3)","line":37,"loc":{"start":{"line":37,"column":24},"end":{"line":37,"column":36}}},"4":{"name":"(anonymous_4)","line":69,"loc":{"start":{"line":69,"column":31},"end":{"line":69,"column":48}},"skip":true},"5":{"name":"(anonymous_5)","line":78,"loc":{"start":{"line":78,"column":26},"end":{"line":78,"column":45}},"skip":true},"6":{"name":"(anonymous_6)","line":123,"loc":{"start":{"line":123,"column":33},"end":{"line":123,"column":48}},"skip":true},"7":{"name":"(anonymous_7)","line":125,"loc":{"start":{"line":125,"column":27},"end":{"line":125,"column":39}},"skip":true},"8":{"name":"(anonymous_8)","line":133,"loc":{"start":{"line":133,"column":59},"end":{"line":133,"column":74}},"skip":true},"9":{"name":"(anonymous_9)","line":143,"loc":{"start":{"line":143,"column":45},"end":{"line":143,"column":62}},"skip":true},"10":{"name":"(anonymous_10)","line":144,"loc":{"start":{"line":144,"column":73},"end":{"line":144,"column":92}},"skip":true},"11":{"name":"(anonymous_11)","line":272,"loc":{"start":{"line":272,"column":51},"end":{"line":272,"column":77}},"skip":true},"12":{"name":"(anonymous_12)","line":315,"loc":{"start":{"line":315,"column":32},"end":{"line":315,"column":61}},"skip":true}},"statementMap":{"1":{"start":{"line":26,"column":0},"end":{"line":326,"column":5}},"2":{"start":{"line":28,"column":4},"end":{"line":28,"column":14}},"3":{"start":{"line":33,"column":4},"end":{"line":60,"column":9}},"4":{"start":{"line":35,"column":8},"end":{"line":35,"column":19}},"5":{"start":{"line":37,"column":8},"end":{"line":49,"column":13}},"6":{"start":{"line":38,"column":12},"end":{"line":48,"column":13}},"7":{"start":{"line":39,"column":16},"end":{"line":42,"column":30}},"8":{"start":{"line":44,"column":16},"end":{"line":47,"column":27}},"9":{"start":{"line":51,"column":8},"end":{"line":53,"column":21}},"10":{"start":{"line":55,"column":8},"end":{"line":57,"column":45}},"11":{"start":{"line":59,"column":8},"end":{"line":59,"column":35}},"12":{"start":{"line":61,"column":4},"end":{"line":325,"column":5}},"13":{"start":{"line":69,"column":8},"end":{"line":121,"column":10},"skip":true},"14":{"start":{"line":70,"column":12},"end":{"line":88,"column":13},"skip":true},"15":{"start":{"line":76,"column":16},"end":{"line":87,"column":19},"skip":true},"16":{"start":{"line":79,"column":20},"end":{"line":86,"column":21},"skip":true},"17":{"start":{"line":82,"column":24},"end":{"line":82,"column":43},"skip":true},"18":{"start":{"line":83,"column":24},"end":{"line":83,"column":30},"skip":true},"19":{"start":{"line":85,"column":24},"end":{"line":85,"column":49},"skip":true},"20":{"start":{"line":89,"column":12},"end":{"line":107,"column":13},"skip":true},"21":{"start":{"line":92,"column":16},"end":{"line":102,"column":17},"skip":true},"22":{"start":{"line":93,"column":20},"end":{"line":93,"column":86},"skip":true},"23":{"start":{"line":94,"column":20},"end":{"line":95,"column":45},"skip":true},"24":{"start":{"line":96,"column":20},"end":{"line":96,"column":42},"skip":true},"25":{"start":{"line":97,"column":20},"end":{"line":97,"column":48},"skip":true},"26":{"start":{"line":100,"column":20},"end":{"line":100,"column":85},"skip":true},"27":{"start":{"line":101,"column":20},"end":{"line":101,"column":96},"skip":true},"28":{"start":{"line":103,"column":16},"end":{"line":103,"column":22},"skip":true},"29":{"start":{"line":106,"column":16},"end":{"line":106,"column":22},"skip":true},"30":{"start":{"line":108,"column":12},"end":{"line":120,"column":13},"skip":true},"31":{"start":{"line":114,"column":16},"end":{"line":119,"column":17},"skip":true},"32":{"start":{"line":116,"column":20},"end":{"line":116,"column":78},"skip":true},"33":{"start":{"line":118,"column":20},"end":{"line":118,"column":47},"skip":true},"34":{"start":{"line":123,"column":8},"end":{"line":141,"column":11},"skip":true},"35":{"start":{"line":124,"column":12},"end":{"line":124,"column":54},"skip":true},"36":{"start":{"line":125,"column":12},"end":{"line":140,"column":14},"skip":true},"37":{"start":{"line":126,"column":16},"end":{"line":126,"column":28},"skip":true},"38":{"start":{"line":127,"column":16},"end":{"line":127,"column":69},"skip":true},"39":{"start":{"line":128,"column":16},"end":{"line":128,"column":75},"skip":true},"40":{"start":{"line":129,"column":16},"end":{"line":131,"column":17},"skip":true},"41":{"start":{"line":130,"column":20},"end":{"line":130,"column":27},"skip":true},"42":{"start":{"line":133,"column":16},"end":{"line":137,"column":36},"skip":true},"43":{"start":{"line":134,"column":20},"end":{"line":136,"column":55},"skip":true},"44":{"start":{"line":139,"column":16},"end":{"line":139,"column":57},"skip":true},"45":{"start":{"line":143,"column":8},"end":{"line":147,"column":11},"skip":true},"46":{"start":{"line":144,"column":12},"end":{"line":146,"column":15},"skip":true},"47":{"start":{"line":145,"column":16},"end":{"line":145,"column":70},"skip":true},"48":{"start":{"line":149,"column":8},"end":{"line":149,"column":31},"skip":true},"49":{"start":{"line":150,"column":8},"end":{"line":150,"column":14},"skip":true},"50":{"start":{"line":158,"column":8},"end":{"line":158,"column":31},"skip":true},"51":{"start":{"line":160,"column":8},"end":{"line":160,"column":33},"skip":true},"52":{"start":{"line":161,"column":8},"end":{"line":161,"column":37},"skip":true},"53":{"start":{"line":162,"column":8},"end":{"line":162,"column":35},"skip":true},"54":{"start":{"line":164,"column":8},"end":{"line":164,"column":50},"skip":true},"55":{"start":{"line":166,"column":8},"end":{"line":256,"column":2},"skip":true},"56":{"start":{"line":258,"column":8},"end":{"line":286,"column":9},"skip":true},"57":{"start":{"line":259,"column":12},"end":{"line":269,"column":14},"skip":true},"58":{"start":{"line":271,"column":12},"end":{"line":285,"column":19},"skip":true},"59":{"start":{"line":274,"column":20},"end":{"line":274,"column":35},"skip":true},"60":{"start":{"line":275,"column":20},"end":{"line":284,"column":21},"skip":true},"61":{"start":{"line":277,"column":24},"end":{"line":277,"column":64},"skip":true},"62":{"start":{"line":279,"column":24},"end":{"line":279,"column":40},"skip":true},"63":{"start":{"line":281,"column":24},"end":{"line":281,"column":40},"skip":true},"64":{"start":{"line":283,"column":24},"end":{"line":283,"column":39},"skip":true},"65":{"start":{"line":288,"column":8},"end":{"line":290,"column":9},"skip":true},"66":{"start":{"line":289,"column":12},"end":{"line":289,"column":18},"skip":true},"67":{"start":{"line":291,"column":8},"end":{"line":293,"column":54},"skip":true},"68":{"start":{"line":296,"column":8},"end":{"line":301,"column":37},"skip":true},"69":{"start":{"line":303,"column":8},"end":{"line":303,"column":82},"skip":true},"70":{"start":{"line":306,"column":8},"end":{"line":308,"column":9},"skip":true},"71":{"start":{"line":307,"column":12},"end":{"line":307,"column":82},"skip":true},"72":{"start":{"line":310,"column":8},"end":{"line":312,"column":9},"skip":true},"73":{"start":{"line":311,"column":12},"end":{"line":311,"column":18},"skip":true},"74":{"start":{"line":313,"column":8},"end":{"line":313,"column":54},"skip":true},"75":{"start":{"line":314,"column":8},"end":{"line":314,"column":69},"skip":true},"76":{"start":{"line":315,"column":8},"end":{"line":323,"column":36},"skip":true},"77":{"start":{"line":316,"column":12},"end":{"line":316,"column":61},"skip":true},"78":{"start":{"line":317,"column":12},"end":{"line":320,"column":13},"skip":true},"79":{"start":{"line":318,"column":16},"end":{"line":318,"column":75},"skip":true},"80":{"start":{"line":319,"column":16},"end":{"line":319,"column":23},"skip":true},"81":{"start":{"line":321,"column":12},"end":{"line":321,"column":38},"skip":true},"82":{"start":{"line":322,"column":12},"end":{"line":322,"column":27},"skip":true},"83":{"start":{"line":324,"column":8},"end":{"line":324,"column":14},"skip":true}},"branchMap":{"1":{"line":39,"type":"binary-expr","locations":[{"start":{"line":39,"column":23},"end":{"line":39,"column":62}},{"start":{"line":40,"column":20},"end":{"line":40,"column":70}},{"start":{"line":41,"column":20},"end":{"line":41,"column":71}},{"start":{"line":42,"column":20},"end":{"line":42,"column":29}}]},"2":{"line":44,"type":"binary-expr","locations":[{"start":{"line":44,"column":23},"end":{"line":44,"column":37}},{"start":{"line":45,"column":20},"end":{"line":45,"column":61}},{"start":{"line":46,"column":20},"end":{"line":46,"column":70}},{"start":{"line":47,"column":20},"end":{"line":47,"column":26}}]},"3":{"line":51,"type":"cond-expr","locations":[{"start":{"line":52,"column":14},"end":{"line":52,"column":20}},{"start":{"line":53,"column":14},"end":{"line":53,"column":20}}]},"4":{"line":55,"type":"binary-expr","locations":[{"start":{"line":55,"column":16},"end":{"line":55,"column":44}},{"start":{"line":55,"column":49},"end":{"line":57,"column":43}}]},"5":{"line":55,"type":"cond-expr","locations":[{"start":{"line":56,"column":14},"end":{"line":56,"column":52}},{"start":{"line":57,"column":14},"end":{"line":57,"column":43}}]},"6":{"line":61,"type":"switch","locations":[{"start":{"line":68,"column":4},"end":{"line":150,"column":14},"skip":true},{"start":{"line":156,"column":4},"end":{"line":324,"column":14},"skip":true}]},"7":{"line":70,"type":"if","locations":[{"start":{"line":70,"column":12},"end":{"line":70,"column":12},"skip":true},{"start":{"line":70,"column":12},"end":{"line":70,"column":12},"skip":true}]},"8":{"line":70,"type":"binary-expr","locations":[{"start":{"line":70,"column":16},"end":{"line":70,"column":22},"skip":true},{"start":{"line":70,"column":27},"end":{"line":70,"column":32},"skip":true},{"start":{"line":71,"column":20},"end":{"line":71,"column":39},"skip":true},{"start":{"line":72,"column":20},"end":{"line":72,"column":49},"skip":true},{"start":{"line":73,"column":20},"end":{"line":73,"column":58},"skip":true},{"start":{"line":74,"column":20},"end":{"line":74,"column":69},"skip":true}]},"9":{"line":79,"type":"switch","locations":[{"start":{"line":80,"column":20},"end":{"line":80,"column":33},"skip":true},{"start":{"line":81,"column":20},"end":{"line":83,"column":30},"skip":true},{"start":{"line":84,"column":20},"end":{"line":85,"column":49},"skip":true}]},"10":{"line":89,"type":"switch","locations":[{"start":{"line":90,"column":12},"end":{"line":103,"column":22},"skip":true},{"start":{"line":105,"column":12},"end":{"line":106,"column":22},"skip":true}]},"11":{"line":89,"type":"binary-expr","locations":[{"start":{"line":89,"column":20},"end":{"line":89,"column":25},"skip":true},{"start":{"line":89,"column":29},"end":{"line":89,"column":48},"skip":true},{"start":{"line":89,"column":52},"end":{"line":89,"column":74},"skip":true}]},"12":{"line":92,"type":"if","locations":[{"start":{"line":92,"column":16},"end":{"line":92,"column":16},"skip":true},{"start":{"line":92,"column":16},"end":{"line":92,"column":16},"skip":true}]},"13":{"line":108,"type":"if","locations":[{"start":{"line":108,"column":12},"end":{"line":108,"column":12},"skip":true},{"start":{"line":108,"column":12},"end":{"line":108,"column":12},"skip":true}]},"14":{"line":108,"type":"binary-expr","locations":[{"start":{"line":108,"column":16},"end":{"line":108,"column":61},"skip":true},{"start":{"line":108,"column":66},"end":{"line":108,"column":72},"skip":true},{"start":{"line":108,"column":77},"end":{"line":108,"column":82},"skip":true},{"start":{"line":109,"column":20},"end":{"line":109,"column":39},"skip":true},{"start":{"line":110,"column":20},"end":{"line":110,"column":49},"skip":true},{"start":{"line":111,"column":20},"end":{"line":111,"column":58},"skip":true},{"start":{"line":112,"column":20},"end":{"line":112,"column":68},"skip":true}]},"15":{"line":129,"type":"if","locations":[{"start":{"line":129,"column":16},"end":{"line":129,"column":16},"skip":true},{"start":{"line":129,"column":16},"end":{"line":129,"column":16},"skip":true}]},"16":{"line":134,"type":"cond-expr","locations":[{"start":{"line":135,"column":26},"end":{"line":135,"column":29},"skip":true},{"start":{"line":136,"column":26},"end":{"line":136,"column":54},"skip":true}]},"17":{"line":164,"type":"binary-expr","locations":[{"start":{"line":164,"column":27},"end":{"line":164,"column":43},"skip":true},{"start":{"line":164,"column":47},"end":{"line":164,"column":49},"skip":true}]},"18":{"line":258,"type":"if","locations":[{"start":{"line":258,"column":8},"end":{"line":258,"column":8},"skip":true},{"start":{"line":258,"column":8},"end":{"line":258,"column":8},"skip":true}]},"19":{"line":275,"type":"switch","locations":[{"start":{"line":276,"column":20},"end":{"line":277,"column":64},"skip":true},{"start":{"line":278,"column":20},"end":{"line":279,"column":40},"skip":true},{"start":{"line":280,"column":20},"end":{"line":281,"column":40},"skip":true},{"start":{"line":282,"column":20},"end":{"line":283,"column":39},"skip":true}]},"20":{"line":288,"type":"if","locations":[{"start":{"line":288,"column":8},"end":{"line":288,"column":8},"skip":true},{"start":{"line":288,"column":8},"end":{"line":288,"column":8},"skip":true}]},"21":{"line":288,"type":"binary-expr","locations":[{"start":{"line":288,"column":12},"end":{"line":288,"column":40},"skip":true},{"start":{"line":288,"column":44},"end":{"line":288,"column":67},"skip":true}]},"22":{"line":292,"type":"binary-expr","locations":[{"start":{"line":292,"column":12},"end":{"line":292,"column":50},"skip":true},{"start":{"line":293,"column":12},"end":{"line":293,"column":53},"skip":true}]},"23":{"line":297,"type":"binary-expr","locations":[{"start":{"line":297,"column":12},"end":{"line":297,"column":66},"skip":true},{"start":{"line":298,"column":12},"end":{"line":301,"column":36},"skip":true}]},"24":{"line":303,"type":"binary-expr","locations":[{"start":{"line":303,"column":43},"end":{"line":303,"column":75},"skip":true},{"start":{"line":303,"column":79},"end":{"line":303,"column":81},"skip":true}]},"25":{"line":306,"type":"if","locations":[{"start":{"line":306,"column":8},"end":{"line":306,"column":8},"skip":true},{"start":{"line":306,"column":8},"end":{"line":306,"column":8},"skip":true}]},"26":{"line":310,"type":"if","locations":[{"start":{"line":310,"column":8},"end":{"line":310,"column":8},"skip":true},{"start":{"line":310,"column":8},"end":{"line":310,"column":8},"skip":true}]},"27":{"line":313,"type":"binary-expr","locations":[{"start":{"line":313,"column":27},"end":{"line":313,"column":43},"skip":true},{"start":{"line":313,"column":47},"end":{"line":313,"column":53},"skip":true}]},"28":{"line":317,"type":"if","locations":[{"start":{"line":317,"column":12},"end":{"line":317,"column":12},"skip":true},{"start":{"line":317,"column":12},"end":{"line":317,"column":12},"skip":true}]}},"code":["/*","example.js","","quickstart example","","instruction","    1. save this script as example.js","    2. run the shell command:","        $ npm install npmtest-peer-vnc && PORT=8081 node example.js","    3. play with the browser-demo on http://127.0.0.1:8081","*/","","","","/* istanbul instrument in package npmtest_peer_vnc */","/*jslint","    bitwise: true,","    browser: true,","    maxerr: 8,","    maxlen: 96,","    node: true,","    nomen: true,","    regexp: true,","    stupid: true","*/","(function () {","    'use strict';","    var local;","","","","    // run shared js-env code - pre-init","    (function () {","        // init local","        local = {};","        // init modeJs","        local.modeJs = (function () {","            try {","                return typeof navigator.userAgent === 'string' &&","                    typeof document.querySelector('body') === 'object' &&","                    typeof XMLHttpRequest.prototype.open === 'function' &&","                    'browser';","            } catch (errorCaughtBrowser) {","                return module.exports &&","                    typeof process.versions.node === 'string' &&","                    typeof require('http').createServer === 'function' &&","                    'node';","            }","        }());","        // init global","        local.global = local.modeJs === 'browser'","            ? window","            : global;","        // init utility2_rollup","        local = local.global.utility2_rollup || (local.modeJs === 'browser'","            ? local.global.utility2_npmtest_peer_vnc","            : global.utility2_moduleExports);","        // export local","        local.global.local = local;","    }());","    switch (local.modeJs) {","","","","    // post-init","    // run browser js-env code - post-init","    /* istanbul ignore next */","    case 'browser':","        local.testRunBrowser = function (event) {","            if (!event || (event &&","                    event.currentTarget &&","                    event.currentTarget.className &&","                    event.currentTarget.className.includes &&","                    event.currentTarget.className.includes('onreset'))) {","                // reset output","                Array.from(","                    document.querySelectorAll('body > .resettable')","                ).forEach(function (element) {","                    switch (element.tagName) {","                    case 'INPUT':","                    case 'TEXTAREA':","                        element.value = '';","                        break;","                    default:","                        element.textContent = '';","                    }","                });","            }","            switch (event && event.currentTarget && event.currentTarget.id) {","            case 'testRunButton1':","                // show tests","                if (document.querySelector('#testReportDiv1').style.display === 'none') {","                    document.querySelector('#testReportDiv1').style.display = 'block';","                    document.querySelector('#testRunButton1').textContent =","                        'hide internal test';","                    local.modeTest = true;","                    local.testRunDefault(local);","                // hide tests","                } else {","                    document.querySelector('#testReportDiv1').style.display = 'none';","                    document.querySelector('#testRunButton1').textContent = 'run internal test';","                }","                break;","            // custom-case","            default:","                break;","            }","            if (document.querySelector('#inputTextareaEval1') && (!event || (event &&","                    event.currentTarget &&","                    event.currentTarget.className &&","                    event.currentTarget.className.includes &&","                    event.currentTarget.className.includes('oneval')))) {","                // try to eval input-code","                try {","                    /*jslint evil: true*/","                    eval(document.querySelector('#inputTextareaEval1').value);","                } catch (errorCaught) {","                    console.error(errorCaught);","                }","            }","        };","        // log stderr and stdout to #outputTextareaStdout1","        ['error', 'log'].forEach(function (key) {","            console[key + '_original'] = console[key];","            console[key] = function () {","                var element;","                console[key + '_original'].apply(console, arguments);","                element = document.querySelector('#outputTextareaStdout1');","                if (!element) {","                    return;","                }","                // append text to #outputTextareaStdout1","                element.value += Array.from(arguments).map(function (arg) {","                    return typeof arg === 'string'","                        ? arg","                        : JSON.stringify(arg, null, 4);","                }).join(' ') + '\\n';","                // scroll textarea to bottom","                element.scrollTop = element.scrollHeight;","            };","        });","        // init event-handling","        ['change', 'click', 'keyup'].forEach(function (event) {","            Array.from(document.querySelectorAll('.on' + event)).forEach(function (element) {","                element.addEventListener(event, local.testRunBrowser);","            });","        });","        // run tests","        local.testRunBrowser();","        break;","","","","    // run node js-env code - post-init","    /* istanbul ignore next */","    case 'node':","        // export local","        module.exports = local;","        // require modules","        local.fs = require('fs');","        local.http = require('http');","        local.url = require('url');","        // init assets","        local.assetsDict = local.assetsDict || {};","        /* jslint-ignore-begin */","        local.assetsDict['/assets.index.template.html'] = '\\","<!doctype html>\\n\\","<html lang=\"en\">\\n\\","<head>\\n\\","<meta charset=\"UTF-8\">\\n\\","<meta name=\"viewport\" content=\"width=device-width, initial-scale=1\">\\n\\","<title>{{env.npm_package_name}} (v{{env.npm_package_version}})</title>\\n\\","<style>\\n\\","/*csslint\\n\\","    box-sizing: false,\\n\\","    universal-selector: false\\n\\","*/\\n\\","* {\\n\\","    box-sizing: border-box;\\n\\","}\\n\\","body {\\n\\","    background: #dde;\\n\\","    font-family: Arial, Helvetica, sans-serif;\\n\\","    margin: 2rem;\\n\\","}\\n\\","body > * {\\n\\","    margin-bottom: 1rem;\\n\\","}\\n\\",".utility2FooterDiv {\\n\\","    margin-top: 20px;\\n\\","    text-align: center;\\n\\","}\\n\\","</style>\\n\\","<style>\\n\\","/*csslint\\n\\","*/\\n\\","textarea {\\n\\","    font-family: monospace;\\n\\","    height: 10rem;\\n\\","    width: 100%;\\n\\","}\\n\\","textarea[readonly] {\\n\\","    background: #ddd;\\n\\","}\\n\\","</style>\\n\\","</head>\\n\\","<body>\\n\\","<!-- utility2-comment\\n\\","<div id=\"ajaxProgressDiv1\" style=\"background: #d00; height: 2px; left: 0; margin: 0; padding: 0; position: fixed; top: 0; transition: background 0.5s, width 1.5s; width: 25%;\"></div>\\n\\","utility2-comment -->\\n\\","<h1>\\n\\","<!-- utility2-comment\\n\\","    <a\\n\\","        {{#if env.npm_package_homepage}}\\n\\","        href=\"{{env.npm_package_homepage}}\"\\n\\","        {{/if env.npm_package_homepage}}\\n\\","        target=\"_blank\"\\n\\","    >\\n\\","utility2-comment -->\\n\\","        {{env.npm_package_name}} (v{{env.npm_package_version}})\\n\\","<!-- utility2-comment\\n\\","    </a>\\n\\","utility2-comment -->\\n\\","</h1>\\n\\","<h3>{{env.npm_package_description}}</h3>\\n\\","<!-- utility2-comment\\n\\","<h4><a download href=\"assets.app.js\">download standalone app</a></h4>\\n\\","<button class=\"onclick onreset\" id=\"testRunButton1\">run internal test</button><br>\\n\\","<div id=\"testReportDiv1\" style=\"display: none;\"></div>\\n\\","utility2-comment -->\\n\\","\\n\\","\\n\\","\\n\\","<label>stderr and stdout</label>\\n\\","<textarea class=\"resettable\" id=\"outputTextareaStdout1\" readonly></textarea>\\n\\","<!-- utility2-comment\\n\\","{{#if isRollup}}\\n\\","<script src=\"assets.app.js\"></script>\\n\\","{{#unless isRollup}}\\n\\","utility2-comment -->\\n\\","<script src=\"assets.utility2.rollup.js\"></script>\\n\\","<script src=\"jsonp.utility2._stateInit?callback=window.utility2._stateInit\"></script>\\n\\","<script src=\"assets.npmtest_peer_vnc.rollup.js\"></script>\\n\\","<script src=\"assets.example.js\"></script>\\n\\","<script src=\"assets.test.js\"></script>\\n\\","<!-- utility2-comment\\n\\","{{/if isRollup}}\\n\\","utility2-comment -->\\n\\","<div class=\"utility2FooterDiv\">\\n\\","    [ this app was created with\\n\\","    <a href=\"https://github.com/kaizhu256/node-utility2\" target=\"_blank\">utility2</a>\\n\\","    ]\\n\\","</div>\\n\\","</body>\\n\\","</html>\\n\\","';","        /* jslint-ignore-end */","        if (local.templateRender) {","            local.assetsDict['/'] = local.templateRender(","                local.assetsDict['/assets.index.template.html'],","                {","                    env: local.objectSetDefault(local.env, {","                        npm_package_description: 'the greatest app in the world!',","                        npm_package_name: 'my-app',","                        npm_package_nameAlias: 'my_app',","                        npm_package_version: '0.0.1'","                    })","                }","            );","        } else {","            local.assetsDict['/'] = local.assetsDict['/assets.index.template.html']","                .replace((/\\{\\{env\\.(\\w+?)\\}\\}/g), function (match0, match1) {","                    // jslint-hack","                    String(match0);","                    switch (match1) {","                    case 'npm_package_description':","                        return 'the greatest app in the world!';","                    case 'npm_package_name':","                        return 'my-app';","                    case 'npm_package_nameAlias':","                        return 'my_app';","                    case 'npm_package_version':","                        return '0.0.1';","                    }","                });","        }","        // run the cli","        if (local.global.utility2_rollup || module !== require.main) {","            break;","        }","        local.assetsDict['/assets.example.js'] =","            local.assetsDict['/assets.example.js'] ||","            local.fs.readFileSync(__filename, 'utf8');","        // bug-workaround - long $npm_package_buildCustomOrg","        /* jslint-ignore-begin */","        local.assetsDict['/assets.npmtest_peer_vnc.rollup.js'] =","            local.assetsDict['/assets.npmtest_peer_vnc.rollup.js'] ||","            local.fs.readFileSync(","                local.npmtest_peer_vnc.__dirname + '/lib.npmtest_peer_vnc.js',","                'utf8'","            ).replace((/^#!/), '//');","        /* jslint-ignore-end */","        local.assetsDict['/favicon.ico'] = local.assetsDict['/favicon.ico'] || '';","        // if $npm_config_timeout_exit exists,","        // then exit this process after $npm_config_timeout_exit ms","        if (Number(process.env.npm_config_timeout_exit)) {","            setTimeout(process.exit, Number(process.env.npm_config_timeout_exit));","        }","        // start server","        if (local.global.utility2_serverHttp1) {","            break;","        }","        process.env.PORT = process.env.PORT || '8081';","        console.error('server starting on port ' + process.env.PORT);","        local.http.createServer(function (request, response) {","            request.urlParsed = local.url.parse(request.url);","            if (local.assetsDict[request.urlParsed.pathname] !== undefined) {","                response.end(local.assetsDict[request.urlParsed.pathname]);","                return;","            }","            response.statusCode = 404;","            response.end();","        }).listen(process.env.PORT);","        break;","    }","}());",""],"l":{"26":2,"28":2,"33":2,"35":2,"37":2,"38":2,"39":2,"44":1,"51":2,"55":2,"59":2,"61":2,"69":1,"70":2,"76":2,"79":2,"82":2,"83":2,"85":1,"89":2,"92":1,"93":1,"94":1,"96":1,"97":1,"100":1,"101":1,"103":1,"106":1,"108":2,"114":1,"116":1,"118":1,"123":1,"124":2,"125":2,"126":3,"127":3,"128":3,"129":3,"130":1,"133":3,"134":3,"139":3,"143":1,"144":3,"145":1,"149":1,"150":1,"158":1,"160":1,"161":1,"162":1,"164":1,"166":1,"258":1,"259":1,"271":1,"274":6,"275":6,"277":1,"279":2,"281":1,"283":2,"288":1,"289":1,"291":1,"296":1,"303":1,"306":1,"307":1,"310":1,"311":1,"313":1,"314":1,"315":1,"316":1,"317":1,"318":1,"319":1,"321":1,"322":1,"324":1}},"/home/travis/build/npmtest/node-npmtest-peer-vnc/node_modules/peer-vnc/index.js":{"path":"/home/travis/build/npmtest/node-npmtest-peer-vnc/node_modules/peer-vnc/index.js","s":{"1":2,"2":0,"3":0,"4":0,"5":0,"6":0,"7":0,"8":0,"9":0,"10":0,"11":0,"12":0,"13":0,"14":0,"15":0,"16":0,"17":0,"18":0,"19":0,"20":0,"21":0,"22":0,"23":0,"24":0,"25":0,"26":0,"27":0,"28":0,"29":0,"30":0,"31":0,"32":0,"33":0,"34":0,"35":0,"36":0,"37":0,"38":0,"39":0,"40":0,"41":0,"42":0,"43":0,"44":0,"45":0,"46":0,"47":0,"48":0,"49":0,"50":0,"51":0,"52":0,"53":0,"54":0,"55":0,"56":0,"57":0,"58":0,"59":0,"60":0,"61":0,"62":0,"63":0,"64":0,"65":0,"66":0,"67":0,"68":0,"69":0,"70":0,"71":0,"72":0,"73":0,"74":0,"75":0,"76":0,"77":0,"78":0},"b":{"1":[0,0],"2":[0,0],"3":[0,0],"4":[0,0],"5":[0,0],"6":[0,0],"7":[0,0],"8":[0,0],"9":[0,0,0],"10":[0,0,0],"11":[0,0,0],"12":[0,0,0],"13":[0,0,0],"14":[0,0],"15":[0,0],"16":[0,0],"17":[0,0],"18":[0,0],"19":[0,0],"20":[0,0],"21":[0,0],"22":[0,0],"23":[0,0],"24":[0,0],"25":[0,0],"26":[0,0,0],"27":[0,0],"28":[0,0],"29":[0,0,0],"30":[0,0]},"f":{"1":0,"2":0,"3":0,"4":0,"5":0,"6":0,"7":0,"8":0,"9":0},"fnMap":{"1":{"name":"(anonymous_1)","line":29,"loc":{"start":{"line":29,"column":29},"end":{"line":29,"column":56}}},"2":{"name":"(anonymous_2)","line":91,"loc":{"start":{"line":91,"column":21},"end":{"line":91,"column":31}}},"3":{"name":"(anonymous_3)","line":129,"loc":{"start":{"line":129,"column":34},"end":{"line":129,"column":62}}},"4":{"name":"(anonymous_4)","line":147,"loc":{"start":{"line":147,"column":50},"end":{"line":147,"column":61}}},"5":{"name":"(anonymous_5)","line":159,"loc":{"start":{"line":159,"column":28},"end":{"line":159,"column":40}}},"6":{"name":"(anonymous_6)","line":172,"loc":{"start":{"line":172,"column":19},"end":{"line":172,"column":32}}},"7":{"name":"(anonymous_7)","line":181,"loc":{"start":{"line":181,"column":25},"end":{"line":181,"column":39}}},"8":{"name":"(anonymous_8)","line":227,"loc":{"start":{"line":227,"column":28},"end":{"line":227,"column":46}}},"9":{"name":"(anonymous_9)","line":249,"loc":{"start":{"line":249,"column":16},"end":{"line":249,"column":26}}}},"statementMap":{"1":{"start":{"line":4,"column":0},"end":{"line":12,"column":25}},"2":{"start":{"line":18,"column":0},"end":{"line":18,"column":14}},"3":{"start":{"line":29,"column":0},"end":{"line":176,"column":2}},"4":{"start":{"line":30,"column":4},"end":{"line":30,"column":20}},"5":{"start":{"line":32,"column":4},"end":{"line":32,"column":70}},"6":{"start":{"line":32,"column":34},"end":{"line":32,"column":70}},"7":{"start":{"line":35,"column":4},"end":{"line":39,"column":5}},"8":{"start":{"line":36,"column":8},"end":{"line":36,"column":27}},"9":{"start":{"line":37,"column":8},"end":{"line":37,"column":18}},"10":{"start":{"line":38,"column":8},"end":{"line":38,"column":18}},"11":{"start":{"line":41,"column":4},"end":{"line":41,"column":44}},"12":{"start":{"line":41,"column":30},"end":{"line":41,"column":44}},"13":{"start":{"line":44,"column":4},"end":{"line":44,"column":26}},"14":{"start":{"line":45,"column":4},"end":{"line":48,"column":5}},"15":{"start":{"line":46,"column":5},"end":{"line":46,"column":40}},"16":{"start":{"line":47,"column":5},"end":{"line":47,"column":72}},"17":{"start":{"line":51,"column":4},"end":{"line":51,"column":58}},"18":{"start":{"line":55,"column":4},"end":{"line":55,"column":23}},"19":{"start":{"line":58,"column":4},"end":{"line":58,"column":23}},"20":{"start":{"line":62,"column":4},"end":{"line":87,"column":7}},"21":{"start":{"line":91,"column":1},"end":{"line":168,"column":4}},"22":{"start":{"line":92,"column":5},"end":{"line":92,"column":69}},"23":{"start":{"line":92,"column":16},"end":{"line":92,"column":69}},"24":{"start":{"line":96,"column":5},"end":{"line":108,"column":6}},"25":{"start":{"line":97,"column":6},"end":{"line":97,"column":41}},"26":{"start":{"line":98,"column":6},"end":{"line":98,"column":31}},"27":{"start":{"line":99,"column":6},"end":{"line":101,"column":19}},"28":{"start":{"line":104,"column":6},"end":{"line":104,"column":60}},"29":{"start":{"line":107,"column":6},"end":{"line":107,"column":50}},"30":{"start":{"line":112,"column":5},"end":{"line":112,"column":29}},"31":{"start":{"line":120,"column":5},"end":{"line":120,"column":73}},"32":{"start":{"line":124,"column":5},"end":{"line":124,"column":43}},"33":{"start":{"line":129,"column":5},"end":{"line":163,"column":8}},"34":{"start":{"line":130,"column":12},"end":{"line":136,"column":11}},"35":{"start":{"line":139,"column":12},"end":{"line":143,"column":13}},"36":{"start":{"line":140,"column":16},"end":{"line":140,"column":60}},"37":{"start":{"line":141,"column":16},"end":{"line":141,"column":29}},"38":{"start":{"line":142,"column":16},"end":{"line":142,"column":23}},"39":{"start":{"line":145,"column":12},"end":{"line":145,"column":121}},"40":{"start":{"line":145,"column":23},"end":{"line":145,"column":121}},"41":{"start":{"line":147,"column":12},"end":{"line":157,"column":15}},"42":{"start":{"line":148,"column":16},"end":{"line":148,"column":76}},"43":{"start":{"line":148,"column":27},"end":{"line":148,"column":76}},"44":{"start":{"line":151,"column":7},"end":{"line":151,"column":30}},"45":{"start":{"line":153,"column":7},"end":{"line":155,"column":28}},"46":{"start":{"line":156,"column":7},"end":{"line":156,"column":30}},"47":{"start":{"line":159,"column":6},"end":{"line":162,"column":9}},"48":{"start":{"line":160,"column":10},"end":{"line":160,"column":63}},"49":{"start":{"line":161,"column":10},"end":{"line":161,"column":23}},"50":{"start":{"line":167,"column":5},"end":{"line":167,"column":29}},"51":{"start":{"line":172,"column":1},"end":{"line":175,"column":4}},"52":{"start":{"line":173,"column":5},"end":{"line":173,"column":67}},"53":{"start":{"line":174,"column":5},"end":{"line":174,"column":13}},"54":{"start":{"line":181,"column":0},"end":{"line":223,"column":2}},"55":{"start":{"line":182,"column":4},"end":{"line":182,"column":20}},"56":{"start":{"line":187,"column":4},"end":{"line":192,"column":5}},"57":{"start":{"line":190,"column":8},"end":{"line":190,"column":61}},"58":{"start":{"line":191,"column":8},"end":{"line":191,"column":20}},"59":{"start":{"line":196,"column":4},"end":{"line":196,"column":39}},"60":{"start":{"line":197,"column":1},"end":{"line":197,"column":40}},"61":{"start":{"line":198,"column":1},"end":{"line":198,"column":92}},"62":{"start":{"line":200,"column":1},"end":{"line":200,"column":75}},"63":{"start":{"line":202,"column":1},"end":{"line":202,"column":32}},"64":{"start":{"line":203,"column":1},"end":{"line":203,"column":50}},"65":{"start":{"line":208,"column":1},"end":{"line":216,"column":4}},"66":{"start":{"line":222,"column":1},"end":{"line":222,"column":30}},"67":{"start":{"line":227,"column":0},"end":{"line":256,"column":2}},"68":{"start":{"line":228,"column":4},"end":{"line":228,"column":20}},"69":{"start":{"line":233,"column":4},"end":{"line":238,"column":5}},"70":{"start":{"line":236,"column":8},"end":{"line":236,"column":61}},"71":{"start":{"line":237,"column":8},"end":{"line":237,"column":20}},"72":{"start":{"line":242,"column":4},"end":{"line":242,"column":39}},"73":{"start":{"line":244,"column":4},"end":{"line":253,"column":5}},"74":{"start":{"line":245,"column":5},"end":{"line":245,"column":35}},"75":{"start":{"line":249,"column":5},"end":{"line":252,"column":14}},"76":{"start":{"line":250,"column":6},"end":{"line":250,"column":35}},"77":{"start":{"line":251,"column":6},"end":{"line":251,"column":35}},"78":{"start":{"line":255,"column":4},"end":{"line":255,"column":16}}},"branchMap":{"1":{"line":32,"type":"if","locations":[{"start":{"line":32,"column":4},"end":{"line":32,"column":4}},{"start":{"line":32,"column":4},"end":{"line":32,"column":4}}]},"2":{"line":35,"type":"if","locations":[{"start":{"line":35,"column":4},"end":{"line":35,"column":4}},{"start":{"line":35,"column":4},"end":{"line":35,"column":4}}]},"3":{"line":36,"type":"binary-expr","locations":[{"start":{"line":36,"column":18},"end":{"line":36,"column":20}},{"start":{"line":36,"column":24},"end":{"line":36,"column":26}}]},"4":{"line":41,"type":"if","locations":[{"start":{"line":41,"column":4},"end":{"line":41,"column":4}},{"start":{"line":41,"column":4},"end":{"line":41,"column":4}}]},"5":{"line":45,"type":"if","locations":[{"start":{"line":45,"column":4},"end":{"line":45,"column":4}},{"start":{"line":45,"column":4},"end":{"line":45,"column":4}}]},"6":{"line":45,"type":"binary-expr","locations":[{"start":{"line":45,"column":8},"end":{"line":45,"column":15}},{"start":{"line":45,"column":19},"end":{"line":45,"column":31}}]},"7":{"line":47,"type":"binary-expr","locations":[{"start":{"line":47,"column":28},"end":{"line":47,"column":32}},{"start":{"line":47,"column":36},"end":{"line":47,"column":43}}]},"8":{"line":47,"type":"binary-expr","locations":[{"start":{"line":47,"column":55},"end":{"line":47,"column":59}},{"start":{"line":47,"column":63},"end":{"line":47,"column":70}}]},"9":{"line":51,"type":"binary-expr","locations":[{"start":{"line":51,"column":22},"end":{"line":51,"column":29}},{"start":{"line":51,"column":33},"end":{"line":51,"column":47}},{"start":{"line":51,"column":52},"end":{"line":51,"column":57}}]},"10":{"line":64,"type":"binary-expr","locations":[{"start":{"line":64,"column":21},"end":{"line":64,"column":28}},{"start":{"line":64,"column":32},"end":{"line":64,"column":46}},{"start":{"line":64,"column":51},"end":{"line":64,"column":63}}]},"11":{"line":65,"type":"binary-expr","locations":[{"start":{"line":65,"column":21},"end":{"line":65,"column":28}},{"start":{"line":65,"column":32},"end":{"line":65,"column":46}},{"start":{"line":65,"column":52},"end":{"line":65,"column":73}}]},"12":{"line":70,"type":"binary-expr","locations":[{"start":{"line":70,"column":24},"end":{"line":70,"column":31}},{"start":{"line":70,"column":35},"end":{"line":70,"column":52}},{"start":{"line":70,"column":57},"end":{"line":73,"column":13}}]},"13":{"line":74,"type":"binary-expr","locations":[{"start":{"line":74,"column":19},"end":{"line":74,"column":26}},{"start":{"line":74,"column":30},"end":{"line":74,"column":42}},{"start":{"line":74,"column":47},"end":{"line":76,"column":13}}]},"14":{"line":82,"type":"cond-expr","locations":[{"start":{"line":82,"column":58},"end":{"line":82,"column":79}},{"start":{"line":83,"column":58},"end":{"line":83,"column":88}}]},"15":{"line":82,"type":"binary-expr","locations":[{"start":{"line":82,"column":18},"end":{"line":82,"column":25}},{"start":{"line":82,"column":29},"end":{"line":82,"column":54}}]},"16":{"line":85,"type":"cond-expr","locations":[{"start":{"line":85,"column":59},"end":{"line":85,"column":90}},{"start":{"line":86,"column":59},"end":{"line":86,"column":90}}]},"17":{"line":85,"type":"binary-expr","locations":[{"start":{"line":85,"column":18},"end":{"line":85,"column":25}},{"start":{"line":85,"column":29},"end":{"line":85,"column":55}}]},"18":{"line":92,"type":"if","locations":[{"start":{"line":92,"column":5},"end":{"line":92,"column":5}},{"start":{"line":92,"column":5},"end":{"line":92,"column":5}}]},"19":{"line":99,"type":"cond-expr","locations":[{"start":{"line":100,"column":14},"end":{"line":100,"column":38}},{"start":{"line":101,"column":14},"end":{"line":101,"column":18}}]},"20":{"line":104,"type":"cond-expr","locations":[{"start":{"line":104,"column":35},"end":{"line":104,"column":49}},{"start":{"line":104,"column":52},"end":{"line":104,"column":59}}]},"21":{"line":139,"type":"if","locations":[{"start":{"line":139,"column":12},"end":{"line":139,"column":12}},{"start":{"line":139,"column":12},"end":{"line":139,"column":12}}]},"22":{"line":139,"type":"binary-expr","locations":[{"start":{"line":139,"column":18},"end":{"line":139,"column":25}},{"start":{"line":139,"column":29},"end":{"line":139,"column":70}}]},"23":{"line":145,"type":"if","locations":[{"start":{"line":145,"column":12},"end":{"line":145,"column":12}},{"start":{"line":145,"column":12},"end":{"line":145,"column":12}}]},"24":{"line":148,"type":"if","locations":[{"start":{"line":148,"column":16},"end":{"line":148,"column":16}},{"start":{"line":148,"column":16},"end":{"line":148,"column":16}}]},"25":{"line":187,"type":"if","locations":[{"start":{"line":187,"column":4},"end":{"line":187,"column":4}},{"start":{"line":187,"column":4},"end":{"line":187,"column":4}}]},"26":{"line":187,"type":"binary-expr","locations":[{"start":{"line":187,"column":10},"end":{"line":187,"column":13}},{"start":{"line":188,"column":7},"end":{"line":188,"column":35}},{"start":{"line":189,"column":7},"end":{"line":189,"column":35}}]},"27":{"line":213,"type":"cond-expr","locations":[{"start":{"line":213,"column":40},"end":{"line":213,"column":53}},{"start":{"line":213,"column":56},"end":{"line":213,"column":64}}]},"28":{"line":233,"type":"if","locations":[{"start":{"line":233,"column":4},"end":{"line":233,"column":4}},{"start":{"line":233,"column":4},"end":{"line":233,"column":4}}]},"29":{"line":233,"type":"binary-expr","locations":[{"start":{"line":233,"column":10},"end":{"line":233,"column":13}},{"start":{"line":234,"column":7},"end":{"line":234,"column":35}},{"start":{"line":235,"column":7},"end":{"line":235,"column":35}}]},"30":{"line":244,"type":"if","locations":[{"start":{"line":244,"column":4},"end":{"line":244,"column":4}},{"start":{"line":244,"column":4},"end":{"line":244,"column":4}}]}},"code":["// noVNC proxy implementation with iWebPP.io","// Copyright (c) 2013 Tom Zhou<iwebpp@gmail.com>","","var WEBPP = require('iwebpp.io'),","    noVNC = require('./novnc'),","    http = require('http'),","    https = require('https'),","    WebSocket = require('wspp'),","    WebSocketServer = WebSocket.Server,","    Connect = require('connect'),","    OS = require('os'),","    UDT = require('udt');","","","// Debug level","// 1: display error, proxy entry","// 2: display vnc rfb info","var Debug = 0;","","// Proxy class","// a proxy will contain one iwebpp.io name-client","// -    vncs: array of VNC server host:port pair, like ['localhost:5900', '51dese.com:5901'}] ","// -      fn: callback to pass proxy informations","// - options: user custom parameters, like {usrkey: ..., domain: ..., endpoints: ..., turn: ...}","// - options.secmode: ssl, enable ssl/https; acl, enable ssl/https,host-based ACL","// - options.sslmode: srv, only verify server side cert; both, verify both server and client side cert","// -    options.auth: http basic-auth as username:password","// -  options.upload: file upload directory","var Proxy = module.exports = function(vncs, fn, options){","    var self = this;","       ","    if (!(this instanceof Proxy)) return new Proxy(vncs, fn, options);","    ","    // check arguments","    if (typeof vncs === 'function') {","        options = fn || {};","        fn = vncs;","        vncs = [];","    } ","    ","    if (!Array.isArray(vncs)) vncs = [vncs];","        ","    // check basic auth","    var basicauth = false;","    if (options && options.auth) {","    \tvar astr = options.auth.split(':');","    \tbasicauth = {username: astr && astr[0], password: astr && astr[1]};","    }","    ","    // check upload ","    var fileupload = (options && options.upload) || false;","\t","    // 1.","    // proxy URLs","    self.proxyURL = {}; // vURL for VNC server","    ","    // websocket proxy servers","    self.proxyWss = {};","    ","    // 2.","    // create name client","    var nmcln = self.nmcln = new WEBPP({","        usrinfo: {","            domain: (options && options.domain) || '51dese.com',","            usrkey: (options && options.usrkey) || ('peervnc@'+Date.now())","        },","        ","        srvinfo: {","            timeout: 20,","            endpoints: (options && options.endpoints) || [","                {ip: 'iwebpp.com', port: 51686},","                {ip: 'iwebpp.com', port: 51868}","            ],","            turn: (options && options.turn) || [","                {ip: 'iwebpp.com', agent: 51866, proxy: 51688}","            ]","        },","        ","        vmode: WEBPP.vURL.URL_MODE_HOST,","        ","        // secure mode","        secmode: (options && options.secmode === 'ssl') ? WEBPP.SEP.SEP_SEC_SSL :","                                                          WEBPP.SEP.SEP_SEC_SSL_ACL_HOST,","        // ssl mode","        sslmode: (options && options.sslmode === 'both') ? WEBPP.SEP.SEP_SSL_AUTH_SRV_CLNT : ","                                                           WEBPP.SEP.SEP_SSL_AUTH_SRV_ONLY","    });","\t","\t// 2.1","\t// check ready","\tnmcln.once('ready', function(){","\t    if (Debug) console.log('name-client ready on vURL:'+nmcln.vurl);","\t    ","\t    // 3.","\t    // setup noVNC proxy","\t    for (var idx = 0; idx < vncs.length; idx ++) {","\t    \tvar vncstrs = vncs[idx].split(':');","\t    \tvar vnchost = vncstrs[0];","\t    \tvar vncport = vncstrs[1] ? ","\t    \t\t\t      parseInt(vncstrs[1], 10) : ","\t    \t\t\t      5900; // default VNC port","","\t    \t// assume vncserver listen on 5900 above","\t    \tvncport = (vncport < 5900) ? 5900 + vncport : vncport;","","\t    \t// add VNC host proxy entry","\t    \tself.addVNC({host: vnchost, port: vncport});","\t    }","\t    ","\t    // 4.","\t    // create http App","\t    var appHttp = Connect();","\t    ","\t    // 4.1","\t    // add third-party connect middle-ware","\t    // TBD...","\t    ","\t    // 4.2","\t    // add noVNC web service in App","\t    appHttp.use(noVNC.webServer({auth: basicauth, upload: fileupload}));","\t    ","\t    // 5.","\t    // hook http App on name-client","\t    nmcln.bsrv.srv.on('request', appHttp);","\t    ","\t    // 5.1","\t    // handle http CONNECT request in case come from forward proxy","        // !!! just create connection to peer-vnc httpps server self.","\t    nmcln.bsrv.srv.on('connect', function(req, socket, head) {","            var roptions = {","\t\t\t        port: nmcln.port,","\t\t\t        host: nmcln.ipaddr,","                localAddress: {","                    addr: nmcln.ipaddr","                }","\t        };","            ","            // check req.url","            if (!(req.url && nmcln.vurl.match((req.url.split(':'))[0]))) {","                console.log('invalid proxed url: '+req.url);","                socket.end();","                return;","            }","            ","            if (Debug) console.log('http tunnel proxy, connect to self %s:%d for %s', nmcln.ipaddr, nmcln.port, req.url);","            ","            var srvSocket = UDT.connect(roptions, function() {","                if (Debug) console.log('http tunnel proxy, got connected!');   ","                ","                ///srvSocket.write(head);","\t\t\t    socket.pipe(srvSocket);","\t\t\t     ","\t\t\t    socket.write('HTTP/1.1 200 Connection Established\\r\\n' +","\t\t\t                 'Proxy-agent: Node-Proxy\\r\\n' +","\t\t\t                 '\\r\\n');\t\t\t\t\t    ","\t\t\t    srvSocket.pipe(socket);","            });","            ","\t\t    srvSocket.on('error', function(e) {","\t\t        console.log(\"http tunnel proxy, socket error: \" + e);","\t\t        socket.end();","\t\t    });","\t    });","\t    ","\t    // 6.","\t    // pass proxy URLs back","\t    fn(null, self.proxyURL);","\t});","\t","\t// 2.2","\t// check error","\tnmcln.on('error', function(err){","\t    console.log('name-client create failed:'+JSON.stringify(err));","\t    fn(err);","\t});","};","","// add VNC host:port entry","// - vnc: {host: x, port: x}","// - return proxy vURL","Proxy.prototype.addVNC = function(vnc) {","    var self = this;","    ","    ","    // 0.","    // check vnc host/port","    if (!(vnc && ","    \t (typeof vnc.host === 'string') && ","    \t (typeof vnc.port === 'number'))) {","        console.log('invalid VNC host '+JSON.stringify(vnc));","        return self;","    }","    ","    // 1.","    // create ws server to proxy VNC/RFB data","    var vncstr = vnc.host+':'+vnc.port;","\tvar wspath = '/'+vnc.host+'-'+vnc.port;","\tvar vncwss = new WebSocketServer({httpp: true, server: self.nmcln.bsrv.srv, path: wspath});","\t","\tvncwss.on('connection', noVNC.tcpProxy({host: vnc.host, port: vnc.port}));","","\tself.proxyWss[vncstr] = vncwss;","\tself.proxyURL[vncstr] = self.nmcln.vurl + wspath;","\t\t","\t// 2.","\t// report peer-service","\t// like {vurl:x,cate:x,name:x,desc:x,tags:x,acls:x,accounting:x,meta:x}","\tself.nmcln.reportService({","\t\tvurl: self.proxyURL[vncstr],","\t\tcate: 'peer-vnc',","\t\tname: 'vnc'+Object.keys(self.proxyWss).length,","\t\tmeta: {","\t\t\t\tvnchost: vnc.host === 'localhost' ? OS.hostname() : vnc.host,","\t\t\t\tvncport: vnc.port","\t\t\t}","\t});","\t","\t// 3.","\t// update peer-service: connection loss, etc","\t// TBD...","\t    ","\treturn self.proxyURL[vncstr];","};","","// remove VNC host:port entry","// - vnc: {host: x, port: x}","Proxy.prototype.removeVNC = function(vnc, fn) {","    var self = this;","    ","    ","    // 0.","    // check vnc host/port","    if (!(vnc && ","    \t (typeof vnc.host === 'string') && ","    \t (typeof vnc.port === 'number'))) {","        console.log('invalid VNC host '+JSON.stringify(vnc));","        return self;","    }","    ","    // 1.","    // close websocket proxy server","    var vncstr = vnc.host+':'+vnc.port;","    ","    if (self.proxyWss[vncstr]) {","    \tself.proxyWss[vncstr].close();","","    \t// 2.","    \t// remove proxy URL after 2s","    \tsetTimeout(function(){","    \t\tself.proxyWss[vncstr] = null;","    \t\tself.proxyURL[vncstr] = null;","    \t}, 2000);","    }","    ","    return self;","};","","// simple test ","/*","var server = new Proxy(['192.188.1.101:5900'], function(err, proxyURL){","        console.log('VNC                   Proxy URL(please open it on browser)');","        for (var k in proxyURL) {","            console.log(k+'        '+proxyURL[k]);","        }","    });","*/",""],"l":{"4":2,"18":0,"29":0,"30":0,"32":0,"35":0,"36":0,"37":0,"38":0,"41":0,"44":0,"45":0,"46":0,"47":0,"51":0,"55":0,"58":0,"62":0,"91":0,"92":0,"96":0,"97":0,"98":0,"99":0,"104":0,"107":0,"112":0,"120":0,"124":0,"129":0,"130":0,"139":0,"140":0,"141":0,"142":0,"145":0,"147":0,"148":0,"151":0,"153":0,"156":0,"159":0,"160":0,"161":0,"167":0,"172":0,"173":0,"174":0,"181":0,"182":0,"187":0,"190":0,"191":0,"196":0,"197":0,"198":0,"200":0,"202":0,"203":0,"208":0,"222":0,"227":0,"228":0,"233":0,"236":0,"237":0,"242":0,"244":0,"245":0,"249":0,"250":0,"251":0,"255":0}},"/home/travis/build/npmtest/node-npmtest-peer-vnc/node_modules/peer-vnc/novnc.js":{"path":"/home/travis/build/npmtest/node-npmtest-peer-vnc/node_modules/peer-vnc/novnc.js","s":{"1":2,"2":0,"3":0,"4":0,"5":0,"6":0,"7":0,"8":0,"9":0,"10":0,"11":0,"12":0,"13":0,"14":0,"15":0,"16":0,"17":0,"18":0,"19":0,"20":0,"21":0,"22":0,"23":0,"24":0,"25":0,"26":0,"27":0,"28":0,"29":0,"30":0,"31":0,"32":0,"33":0,"34":0,"35":0,"36":0,"37":0,"38":0,"39":0,"40":0,"41":0,"42":0,"43":0,"44":0,"45":0,"46":0,"47":0,"48":0,"49":0,"50":0,"51":0,"52":0,"53":0,"54":0,"55":0,"56":0,"57":0,"58":0,"59":0,"60":0,"61":0,"62":0,"63":0,"64":0,"65":0,"66":0,"67":0},"b":{"1":[0,0,0],"2":[0,0,0],"3":[0,0],"4":[0,0],"5":[0,0],"6":[0,0],"7":[0,0],"8":[0,0],"9":[0,0],"10":[0,0],"11":[0,0],"12":[0,0],"13":[0,0],"14":[0,0],"15":[0,0],"16":[0,0]},"f":{"1":0,"2":0,"3":0,"4":0,"5":0,"6":0,"7":0,"8":0,"9":0,"10":0,"11":0,"12":0},"fnMap":{"1":{"name":"(anonymous_1)","line":21,"loc":{"start":{"line":21,"column":43},"end":{"line":21,"column":61}}},"2":{"name":"(anonymous_2)","line":29,"loc":{"start":{"line":29,"column":9},"end":{"line":29,"column":33}}},"3":{"name":"(anonymous_3)","line":42,"loc":{"start":{"line":42,"column":5},"end":{"line":42,"column":45}}},"4":{"name":"(anonymous_4)","line":55,"loc":{"start":{"line":55,"column":12},"end":{"line":55,"column":31}}},"5":{"name":"(anonymous_5)","line":62,"loc":{"start":{"line":62,"column":44},"end":{"line":62,"column":58}}},"6":{"name":"(anonymous_6)","line":85,"loc":{"start":{"line":85,"column":9},"end":{"line":85,"column":27}}},"7":{"name":"(anonymous_7)","line":95,"loc":{"start":{"line":95,"column":41},"end":{"line":95,"column":54}}},"8":{"name":"(anonymous_8)","line":103,"loc":{"start":{"line":103,"column":11},"end":{"line":103,"column":23}}},"9":{"name":"(anonymous_9)","line":105,"loc":{"start":{"line":105,"column":31},"end":{"line":105,"column":41}}},"10":{"name":"(anonymous_10)","line":116,"loc":{"start":{"line":116,"column":22},"end":{"line":116,"column":32}}},"11":{"name":"(anonymous_11)","line":123,"loc":{"start":{"line":123,"column":20},"end":{"line":123,"column":30}}},"12":{"name":"(anonymous_12)","line":127,"loc":{"start":{"line":127,"column":20},"end":{"line":127,"column":33}}}},"statementMap":{"1":{"start":{"line":4,"column":0},"end":{"line":8,"column":33}},"2":{"start":{"line":11,"column":0},"end":{"line":11,"column":36}},"3":{"start":{"line":14,"column":0},"end":{"line":14,"column":46}},"4":{"start":{"line":18,"column":0},"end":{"line":18,"column":14}},"5":{"start":{"line":21,"column":0},"end":{"line":91,"column":2}},"6":{"start":{"line":22,"column":1},"end":{"line":22,"column":21}},"7":{"start":{"line":23,"column":1},"end":{"line":23,"column":47}},"8":{"start":{"line":24,"column":1},"end":{"line":24,"column":68}},"9":{"start":{"line":27,"column":1},"end":{"line":27,"column":51}},"10":{"start":{"line":29,"column":1},"end":{"line":36,"column":4}},"11":{"start":{"line":30,"column":5},"end":{"line":35,"column":6}},"12":{"start":{"line":31,"column":9},"end":{"line":31,"column":76}},"13":{"start":{"line":32,"column":9},"end":{"line":32,"column":19}},"14":{"start":{"line":34,"column":9},"end":{"line":34,"column":16}},"15":{"start":{"line":39,"column":1},"end":{"line":47,"column":2}},"16":{"start":{"line":40,"column":2},"end":{"line":44,"column":5}},"17":{"start":{"line":43,"column":3},"end":{"line":43,"column":70}},"18":{"start":{"line":46,"column":2},"end":{"line":46,"column":35}},"19":{"start":{"line":50,"column":1},"end":{"line":80,"column":2}},"20":{"start":{"line":51,"column":2},"end":{"line":51,"column":24}},"21":{"start":{"line":52,"column":2},"end":{"line":52,"column":59}},"22":{"start":{"line":54,"column":2},"end":{"line":54,"column":33}},"23":{"start":{"line":55,"column":2},"end":{"line":77,"column":5}},"24":{"start":{"line":58,"column":3},"end":{"line":76,"column":4}},"25":{"start":{"line":60,"column":4},"end":{"line":60,"column":75}},"26":{"start":{"line":61,"column":4},"end":{"line":61,"column":41}},"27":{"start":{"line":62,"column":4},"end":{"line":72,"column":7}},"28":{"start":{"line":63,"column":5},"end":{"line":71,"column":6}},"29":{"start":{"line":64,"column":6},"end":{"line":64,"column":27}},"30":{"start":{"line":65,"column":6},"end":{"line":65,"column":38}},"31":{"start":{"line":67,"column":6},"end":{"line":67,"column":65}},"32":{"start":{"line":68,"column":6},"end":{"line":68,"column":39}},"33":{"start":{"line":69,"column":6},"end":{"line":69,"column":39}},"34":{"start":{"line":70,"column":6},"end":{"line":70,"column":41}},"35":{"start":{"line":74,"column":4},"end":{"line":74,"column":63}},"36":{"start":{"line":75,"column":4},"end":{"line":75,"column":39}},"37":{"start":{"line":79,"column":2},"end":{"line":79,"column":28}},"38":{"start":{"line":83,"column":1},"end":{"line":83,"column":45}},"39":{"start":{"line":85,"column":1},"end":{"line":88,"column":4}},"40":{"start":{"line":86,"column":5},"end":{"line":86,"column":57}},"41":{"start":{"line":87,"column":5},"end":{"line":87,"column":61}},"42":{"start":{"line":90,"column":1},"end":{"line":90,"column":12}},"43":{"start":{"line":95,"column":0},"end":{"line":132,"column":2}},"44":{"start":{"line":96,"column":4},"end":{"line":96,"column":20}},"45":{"start":{"line":98,"column":4},"end":{"line":98,"column":39}},"46":{"start":{"line":99,"column":4},"end":{"line":99,"column":32}},"47":{"start":{"line":101,"column":1},"end":{"line":101,"column":54}},"48":{"start":{"line":101,"column":12},"end":{"line":101,"column":54}},"49":{"start":{"line":103,"column":4},"end":{"line":131,"column":6}},"50":{"start":{"line":105,"column":5},"end":{"line":120,"column":8}},"51":{"start":{"line":106,"column":6},"end":{"line":106,"column":50}},"52":{"start":{"line":106,"column":17},"end":{"line":106,"column":50}},"53":{"start":{"line":109,"column":6},"end":{"line":109,"column":28}},"54":{"start":{"line":112,"column":6},"end":{"line":112,"column":19}},"55":{"start":{"line":113,"column":6},"end":{"line":113,"column":19}},"56":{"start":{"line":116,"column":6},"end":{"line":119,"column":9}},"57":{"start":{"line":117,"column":7},"end":{"line":117,"column":47}},"58":{"start":{"line":117,"column":18},"end":{"line":117,"column":47}},"59":{"start":{"line":118,"column":7},"end":{"line":118,"column":16}},"60":{"start":{"line":123,"column":5},"end":{"line":126,"column":8}},"61":{"start":{"line":124,"column":6},"end":{"line":124,"column":46}},"62":{"start":{"line":124,"column":17},"end":{"line":124,"column":46}},"63":{"start":{"line":125,"column":6},"end":{"line":125,"column":15}},"64":{"start":{"line":127,"column":5},"end":{"line":130,"column":8}},"65":{"start":{"line":128,"column":6},"end":{"line":128,"column":58}},"66":{"start":{"line":128,"column":17},"end":{"line":128,"column":58}},"67":{"start":{"line":129,"column":6},"end":{"line":129,"column":17}}},"branchMap":{"1":{"line":23,"type":"binary-expr","locations":[{"start":{"line":23,"column":13},"end":{"line":23,"column":20}},{"start":{"line":23,"column":24},"end":{"line":23,"column":36}},{"start":{"line":23,"column":41},"end":{"line":23,"column":46}}]},"2":{"line":24,"type":"binary-expr","locations":[{"start":{"line":24,"column":15},"end":{"line":24,"column":22}},{"start":{"line":24,"column":26},"end":{"line":24,"column":40}},{"start":{"line":24,"column":45},"end":{"line":24,"column":67}}]},"3":{"line":30,"type":"if","locations":[{"start":{"line":30,"column":5},"end":{"line":30,"column":5}},{"start":{"line":30,"column":5},"end":{"line":30,"column":5}}]},"4":{"line":39,"type":"if","locations":[{"start":{"line":39,"column":1},"end":{"line":39,"column":1}},{"start":{"line":39,"column":1},"end":{"line":39,"column":1}}]},"5":{"line":43,"type":"binary-expr","locations":[{"start":{"line":43,"column":12},"end":{"line":43,"column":38}},{"start":{"line":43,"column":42},"end":{"line":43,"column":68}}]},"6":{"line":50,"type":"if","locations":[{"start":{"line":50,"column":1},"end":{"line":50,"column":1}},{"start":{"line":50,"column":1},"end":{"line":50,"column":1}}]},"7":{"line":58,"type":"if","locations":[{"start":{"line":58,"column":3},"end":{"line":58,"column":3}},{"start":{"line":58,"column":3},"end":{"line":58,"column":3}}]},"8":{"line":63,"type":"if","locations":[{"start":{"line":63,"column":5},"end":{"line":63,"column":5}},{"start":{"line":63,"column":5},"end":{"line":63,"column":5}}]},"9":{"line":96,"type":"binary-expr","locations":[{"start":{"line":96,"column":10},"end":{"line":96,"column":13}},{"start":{"line":96,"column":17},"end":{"line":96,"column":19}}]},"10":{"line":98,"type":"binary-expr","locations":[{"start":{"line":98,"column":15},"end":{"line":98,"column":23}},{"start":{"line":98,"column":27},"end":{"line":98,"column":38}}]},"11":{"line":99,"type":"binary-expr","locations":[{"start":{"line":99,"column":15},"end":{"line":99,"column":23}},{"start":{"line":99,"column":27},"end":{"line":99,"column":31}}]},"12":{"line":101,"type":"if","locations":[{"start":{"line":101,"column":1},"end":{"line":101,"column":1}},{"start":{"line":101,"column":1},"end":{"line":101,"column":1}}]},"13":{"line":106,"type":"if","locations":[{"start":{"line":106,"column":6},"end":{"line":106,"column":6}},{"start":{"line":106,"column":6},"end":{"line":106,"column":6}}]},"14":{"line":117,"type":"if","locations":[{"start":{"line":117,"column":7},"end":{"line":117,"column":7}},{"start":{"line":117,"column":7},"end":{"line":117,"column":7}}]},"15":{"line":124,"type":"if","locations":[{"start":{"line":124,"column":6},"end":{"line":124,"column":6}},{"start":{"line":124,"column":6},"end":{"line":124,"column":6}}]},"16":{"line":128,"type":"if","locations":[{"start":{"line":128,"column":6},"end":{"line":128,"column":6}},{"start":{"line":128,"column":6},"end":{"line":128,"column":6}}]}},"code":["// noVNC port of Node.js","// Copyright (c) 2013 Tom Zhou<iwebpp@gmail.com>","","var Connect = require('connect'),","    Net = require('net'),","    Buffer = require('buffer').Buffer,","    Fs = require('fs'),","    WSS = require('wspp').Stream;","","// authentication module","var httpauth = require('http-auth');","","// file upload module","var multipart = require('connect-multiparty');","","","// Debug level","var Debug = 0;","","// web server","var webServer = module.exports.webServer = function(options) {","\tvar app = Connect();","\tvar auth = (options && options.auth) || false;","\tvar upload = (options && options.upload) || __dirname + '/upload/';","","\t// rewrite req.url to remove vToken string","\tvar vtokenregex = /\\/vtoken\\/([0-9]|[a-f]){16}/gi;","","\tapp.use(function(req, res, next){","\t    if (vtokenregex.test(req.url)) {","\t        res.writeHead(301, {'location': req.url.replace(vtokenregex, '')});","\t        res.end();","\t    } else {","\t        next();","\t    }","\t});","","\t// basic-auth middleware","\tif (auth) {","\t\tvar basic = httpauth.basic({","\t\t\trealm: \"iwebpp.com\"","\t\t}, function (username, password, callback) {","\t\t\tcallback(username === auth.username && password === auth.password);","\t\t});","","\t\tapp.use(httpauth.connect(basic));","\t}","","\t// file upload middleware","\tif (upload) {","\t\tvar upapp = Connect();","\t\tvar multipartMiddleware = multipart({uploadDir: upload});","","\t\tupapp.use(multipartMiddleware);","\t\tupapp.use(function(req, res) {","\t\t\t///console.log(req.body, req.files);","","\t\t\tif (typeof req.files.file === 'object') {","\t\t\t\t// rename file as timestamp_originalfilename","\t\t\t\tvar newname = '' + Date.now() + '__' + req.files.file.originalFilename;","\t\t\t\tvar newpath = upload + '/' + newname;","\t\t\t\tFs.rename(req.files.file.path, newpath, function(err) {","\t\t\t\t\tif (err) {","\t\t\t\t\t\tres.writeHeader(501);","\t\t\t\t\t\tres.end('upload rename failed');","\t\t\t\t\t} else {","\t\t\t\t\t\tres.writeHeader(200, {'content-type': 'application/json'});","\t\t\t\t\t\treq.files.file.newname = newname;","\t\t\t\t\t\treq.files.file.newpath = newpath;","\t\t\t\t\t\tres.end(JSON.stringify(req.files));","\t\t\t\t\t}","\t\t\t\t});","\t\t\t} else {","\t\t\t\tres.writeHeader(200, {'content-type': 'application/json'});","\t\t\t\tres.end(JSON.stringify(req.files));","\t\t\t}","\t\t});","","\t\tapp.use('/upload', upapp);","\t}","","\t///app(Connect.staticCache({maxLength: 256*1024, maxObjects: 8}))","\tapp.use(Connect.static(__dirname+'/front'));","","\tapp.use(function(req, res){","\t    res.writeHeader(200, {'content-type': 'text/html'});","\t    res.end(Fs.readFileSync(__dirname+'/front/novnc.html'));","\t});","","\treturn app;","};","","// ws2tcp proxy","// vnc: {host: ..., port: ...}, VNC server info","var tcpProxy = module.exports.tcpProxy = function(vnc){","    vnc = vnc || {};","","    vnc.host = vnc.host || 'localhost';","    vnc.port = vnc.port || 5900;","","\tif (Debug) console.log('connect to vnc %j ...', vnc);","","    return function(ws){","    \t// create tcp connection to VNC server","    \tvar ts = Net.connect(vnc, function(){","    \t\tif (Debug) console.log('tcp connection...');","","    \t\t// wrap stream on ws","    \t\tvar wss = new WSS(ws);","","    \t\t// pipe each other","    \t\twss.pipe(ts);","    \t\tts.pipe(wss);","","    \t\t// check error","    \t\twss.on('error', function(){","    \t\t\tif (Debug) console.log('ws.onerror...');","    \t\t\tts.end();","    \t\t});","    \t});","","    \t// check error","    \tws.on('error', function(){","    \t\tif (Debug) console.log('ws.onerror...');","    \t\tts.end();","    \t});","    \tts.on('error', function(err){","    \t\tif (Debug) console.log('tcp connection error '+err);","    \t\tws.close();","    \t});","    };","};","","// simple test","/*var http = require('http'),","    WebSocket = require('wspp'),","    WebSocketServer = WebSocket.Server;","","var srv = http.createServer(webServer());","srv.listen(5600);","console.log('noVNC proxy server listening on 5600');","","var wss = new WebSocketServer({server: srv, path: '/peervnc'});","wss.on('connection', tcpProxy({host: '192.188.1.101', port: 5900}));","*/",""],"l":{"4":2,"11":0,"14":0,"18":0,"21":0,"22":0,"23":0,"24":0,"27":0,"29":0,"30":0,"31":0,"32":0,"34":0,"39":0,"40":0,"43":0,"46":0,"50":0,"51":0,"52":0,"54":0,"55":0,"58":0,"60":0,"61":0,"62":0,"63":0,"64":0,"65":0,"67":0,"68":0,"69":0,"70":0,"74":0,"75":0,"79":0,"83":0,"85":0,"86":0,"87":0,"90":0,"95":0,"96":0,"98":0,"99":0,"101":0,"103":0,"105":0,"106":0,"109":0,"112":0,"113":0,"116":0,"117":0,"118":0,"123":0,"124":0,"125":0,"127":0,"128":0,"129":0}}}